# JRE version: Java(TM) SE Runtime Environment (8.0_65-b17) (build 1.8.0_65-b17)
# Java VM: Java HotSpot(TM) 64-Bit Server VM (25.65-b01 mixed mode windows-amd64 compressed oops)
Heap:
 PSYoungGen      total 336896K, used 209763K [0x00000000d5580000, 0x00000000f0c80000, 0x0000000100000000)
  eden space 292864K, 56% used [0x00000000d5580000,0x00000000df75f7e8,0x00000000e7380000)
  from space 44032K, 99% used [0x00000000ea780000,0x00000000ed279538,0x00000000ed280000)
  to   space 53248K, 0% used [0x00000000e7380000,0x00000000e7380000,0x00000000ea780000)
 ParOldGen       total 178176K, used 124960K [0x0000000080000000, 0x000000008ae00000, 0x00000000d5580000)
  object space 178176K, 70% used [0x0000000080000000,0x0000000087a08250,0x000000008ae00000)
 Metaspace       used 58158K, capacity 59368K, committed 59520K, reserved 1101824K
  class space    used 7596K, capacity 7981K, committed 8064K, reserved 1048576K
GC Heap History (10 events):
Event: 34.486 GC heap before
{Heap before GC invocations=18 (full 3):
 PSYoungGen      total 257024K, used 18962K [0x00000000d5580000, 0x00000000ed180000, 0x0000000100000000)
  eden space 227328K, 0% used [0x00000000d5580000,0x00000000d5580000,0x00000000e3380000)
  from space 29696K, 63% used [0x00000000e3380000,0x00000000e4604ab0,0x00000000e5080000)
  to   space 30208K, 0% used [0x00000000eb400000,0x00000000eb400000,0x00000000ed180000)
 ParOldGen       total 78336K, used 69400K [0x0000000080000000, 0x0000000084c80000, 0x00000000d5580000)
  object space 78336K, 88% used [0x0000000080000000,0x00000000843c61a8,0x0000000084c80000)
 Metaspace       used 57747K, capacity 58888K, committed 59096K, reserved 1099776K
  class space    used 7593K, capacity 7949K, committed 8064K, reserved 1048576K
Event: 34.808 GC heap after
Heap after GC invocations=18 (full 3):
 PSYoungGen      total 257024K, used 0K [0x00000000d5580000, 0x00000000ed180000, 0x0000000100000000)
  eden space 227328K, 0% used [0x00000000d5580000,0x00000000d5580000,0x00000000e3380000)
  from space 29696K, 0% used [0x00000000e3380000,0x00000000e3380000,0x00000000e5080000)
  to   space 30208K, 0% used [0x00000000eb400000,0x00000000eb400000,0x00000000ed180000)
 ParOldGen       total 78336K, used 70635K [0x0000000080000000, 0x0000000084c80000, 0x00000000d5580000)
  object space 78336K, 90% used [0x0000000080000000,0x00000000844fac58,0x0000000084c80000)
 Metaspace       used 57747K, capacity 58888K, committed 59096K, reserved 1099776K
  class space    used 7593K, capacity 7949K, committed 8064K, reserved 1048576K
}
Event: 35.285 GC heap before
{Heap before GC invocations=19 (full 4):
 PSYoungGen      total 257024K, used 227328K [0x00000000d5580000, 0x00000000ed180000, 0x0000000100000000)
  eden space 227328K, 100% used [0x00000000d5580000,0x00000000e3380000,0x00000000e3380000)
  from space 29696K, 0% used [0x00000000e3380000,0x00000000e3380000,0x00000000e5080000)
  to   space 30208K, 0% used [0x00000000eb400000,0x00000000eb400000,0x00000000ed180000)
 ParOldGen       total 78336K, used 70635K [0x0000000080000000, 0x0000000084c80000, 0x00000000d5580000)
  object space 78336K, 90% used [0x0000000080000000,0x00000000844fac58,0x0000000084c80000)
 Metaspace       used 57847K, capacity 59016K, committed 59264K, reserved 1099776K
  class space    used 7593K, capacity 7949K, committed 8064K, reserved 1048576K
Event: 35.712 GC heap after
Heap after GC invocations=19 (full 4):
 PSYoungGen      total 257024K, used 15082K [0x00000000d5580000, 0x00000000ed180000, 0x0000000100000000)
  eden space 227328K, 6% used [0x00000000d5580000,0x00000000d643a970,0x00000000e3380000)
  from space 29696K, 0% used [0x00000000e3380000,0x00000000e3380000,0x00000000e5080000)
  to   space 30208K, 0% used [0x00000000eb400000,0x00000000eb400000,0x00000000ed180000)
 ParOldGen       total 178176K, used 78326K [0x0000000080000000, 0x000000008ae00000, 0x00000000d5580000)
  object space 178176K, 43% used [0x0000000080000000,0x0000000084c7d818,0x000000008ae00000)
 Metaspace       used 57847K, capacity 59016K, committed 59264K, reserved 1099776K
  class space    used 7593K, capacity 7949K, committed 8064K, reserved 1048576K
}
Event: 36.259 GC heap before
{Heap before GC invocations=20 (full 4):
 PSYoungGen      total 257024K, used 227328K [0x00000000d5580000, 0x00000000ed180000, 0x0000000100000000)
  eden space 227328K, 100% used [0x00000000d5580000,0x00000000e3380000,0x00000000e3380000)
  from space 29696K, 0% used [0x00000000e3380000,0x00000000e3380000,0x00000000e5080000)
  to   space 30208K, 0% used [0x00000000eb400000,0x00000000eb400000,0x00000000ed180000)
 ParOldGen       total 178176K, used 78326K [0x0000000080000000, 0x000000008ae00000, 0x00000000d5580000)
  object space 178176K, 43% used [0x0000000080000000,0x0000000084c7d818,0x000000008ae00000)
 Metaspace       used 57987K, capacity 59144K, committed 59520K, reserved 1101824K
  class space    used 7594K, capacity 7949K, committed 8064K, reserved 1048576K
Event: 36.321 GC heap after
Heap after GC invocations=20 (full 4):
 PSYoungGen      total 294912K, used 30199K [0x00000000d5580000, 0x00000000ed180000, 0x0000000100000000)
  eden space 264704K, 0% used [0x00000000d5580000,0x00000000d5580000,0x00000000e5800000)
  from space 30208K, 99% used [0x00000000eb400000,0x00000000ed17dc20,0x00000000ed180000)
  to   space 39424K, 0% used [0x00000000e8480000,0x00000000e8480000,0x00000000eab00000)
 ParOldGen       total 178176K, used 89604K [0x0000000080000000, 0x000000008ae00000, 0x00000000d5580000)
  object space 178176K, 50% used [0x0000000080000000,0x00000000857812a8,0x000000008ae00000)
 Metaspace       used 57987K, capacity 59144K, committed 59520K, reserved 1101824K
  class space    used 7594K, capacity 7949K, committed 8064K, reserved 1048576K
}
Event: 36.714 GC heap before
{Heap before GC invocations=21 (full 4):
 PSYoungGen      total 294912K, used 294903K [0x00000000d5580000, 0x00000000ed180000, 0x0000000100000000)
  eden space 264704K, 100% used [0x00000000d5580000,0x00000000e5800000,0x00000000e5800000)
  from space 30208K, 99% used [0x00000000eb400000,0x00000000ed17dc20,0x00000000ed180000)
  to   space 39424K, 0% used [0x00000000e8480000,0x00000000e8480000,0x00000000eab00000)
 ParOldGen       total 178176K, used 89809K [0x0000000080000000, 0x000000008ae00000, 0x00000000d5580000)
  object space 178176K, 50% used [0x0000000080000000,0x00000000857b4410,0x000000008ae00000)
 Metaspace       used 58024K, capacity 59144K, committed 59520K, reserved 1101824K
  class space    used 7595K, capacity 7949K, committed 8064K, reserved 1048576K
Event: 36.776 GC heap after
Heap after GC invocations=21 (full 4):
 PSYoungGen      total 337408K, used 34980K [0x00000000d5580000, 0x00000000ed280000, 0x0000000100000000)
  eden space 302080K, 0% used [0x00000000d5580000,0x00000000d5580000,0x00000000e7c80000)
  from space 35328K, 99% used [0x00000000e8480000,0x00000000ea6a93c8,0x00000000ea700000)
  to   space 44032K, 0% used [0x00000000ea780000,0x00000000ea780000,0x00000000ed280000)
 ParOldGen       total 178176K, used 119065K [0x0000000080000000, 0x000000008ae00000, 0x00000000d5580000)
  object space 178176K, 66% used [0x0000000080000000,0x0000000087446720,0x000000008ae00000)
 Metaspace       used 58024K, capacity 59144K, committed 59520K, reserved 1101824K
  class space    used 7595K, capacity 7949K, committed 8064K, reserved 1048576K
}
Event: 37.489 GC heap before
{Heap before GC invocations=22 (full 4):
 PSYoungGen      total 337408K, used 337060K [0x00000000d5580000, 0x00000000ed280000, 0x0000000100000000)
  eden space 302080K, 100% used [0x00000000d5580000,0x00000000e7c80000,0x00000000e7c80000)
  from space 35328K, 99% used [0x00000000e8480000,0x00000000ea6a93c8,0x00000000ea700000)
  to   space 44032K, 0% used [0x00000000ea780000,0x00000000ea780000,0x00000000ed280000)
 ParOldGen       total 178176K, used 119153K [0x0000000080000000, 0x000000008ae00000, 0x00000000d5580000)
  object space 178176K, 66% used [0x0000000080000000,0x000000008745c5d0,0x000000008ae00000)
 Metaspace       used 58128K, capacity 59368K, committed 59520K, reserved 1101824K
  class space    used 7596K, capacity 7981K, committed 8064K, reserved 1048576K
Event: 37.529 GC heap after
Heap after GC invocations=22 (full 4):
 PSYoungGen      total 336896K, used 44005K [0x00000000d5580000, 0x00000000f0c80000, 0x0000000100000000)
  eden space 292864K, 0% used [0x00000000d5580000,0x00000000d5580000,0x00000000e7380000)
  from space 44032K, 99% used [0x00000000ea780000,0x00000000ed279538,0x00000000ed280000)
  to   space 53248K, 0% used [0x00000000e7380000,0x00000000e7380000,0x00000000ea780000)
 ParOldGen       total 178176K, used 124960K [0x0000000080000000, 0x000000008ae00000, 0x00000000d5580000)
  object space 178176K, 70% used [0x0000000080000000,0x0000000087a08250,0x000000008ae00000)
 Metaspace       used 58128K, capacity 59368K, committed 59520K, reserved 1101824K
  class space    used 7596K, capacity 7981K, committed 8064K, reserved 1048576K
}

